# JRE version: Java(TM) SE Runtime Environment (8.0_112-b15) (build 1.8.0_112-b15)
# Java VM: Java HotSpot(TM) 64-Bit Server VM (25.112-b15 mixed mode windows-amd64 compressed oops)
Heap:
 PSYoungGen      total 52736K, used 11940K [0x00000007bc400000, 0x00000007c0000000, 0x00000007c0000000)
  eden space 44032K, 24% used [0x00000007bc400000,0x00000007bce945a0,0x00000007bef00000)
  from space 8704K, 12% used [0x00000007bef00000,0x00000007bf014c70,0x00000007bf780000)
  to   space 8704K, 0% used [0x00000007bf780000,0x00000007bf780000,0x00000007c0000000)
 ParOldGen       total 159744K, used 113375K [0x0000000700000000, 0x0000000709c00000, 0x00000007bc400000)
  object space 159744K, 70% used [0x0000000700000000,0x0000000706eb7c68,0x0000000709c00000)
 Metaspace       used 87710K, capacity 88639K, committed 89216K, reserved 1126400K
  class space    used 12444K, capacity 12627K, committed 12672K, reserved 1048576K
GC Heap History (10 events):
Event: 8515.735 GC heap before
{Heap before GC invocations=499 (full 22):
 PSYoungGen      total 52736K, used 46998K [0x00000007bc400000, 0x00000007c0000000, 0x00000007c0000000)
  eden space 44032K, 100% used [0x00000007bc400000,0x00000007bef00000,0x00000007bef00000)
  from space 8704K, 34% used [0x00000007bf780000,0x00000007bfa658c0,0x00000007c0000000)
  to   space 8704K, 0% used [0x00000007bef00000,0x00000007bef00000,0x00000007bf780000)
 ParOldGen       total 159744K, used 109403K [0x0000000700000000, 0x0000000709c00000, 0x00000007bc400000)
  object space 159744K, 68% used [0x0000000700000000,0x0000000706ad6c28,0x0000000709c00000)
 Metaspace       used 87683K, capacity 88639K, committed 89216K, reserved 1126400K
  class space    used 12444K, capacity 12627K, committed 12672K, reserved 1048576K
Event: 8515.742 GC heap after
Heap after GC invocations=499 (full 22):
 PSYoungGen      total 52736K, used 1343K [0x00000007bc400000, 0x00000007c0000000, 0x00000007c0000000)
  eden space 44032K, 0% used [0x00000007bc400000,0x00000007bc400000,0x00000007bef00000)
  from space 8704K, 15% used [0x00000007bef00000,0x00000007bf04fe08,0x00000007bf780000)
  to   space 8704K, 0% used [0x00000007bf780000,0x00000007bf780000,0x00000007c0000000)
 ParOldGen       total 159744K, used 112932K [0x0000000700000000, 0x0000000709c00000, 0x00000007bc400000)
  object space 159744K, 70% used [0x0000000700000000,0x0000000706e49110,0x0000000709c00000)
 Metaspace       used 87683K, capacity 88639K, committed 89216K, reserved 1126400K
  class space    used 12444K, capacity 12627K, committed 12672K, reserved 1048576K
}
Event: 8547.920 GC heap before
{Heap before GC invocations=500 (full 22):
 PSYoungGen      total 52736K, used 45375K [0x00000007bc400000, 0x00000007c0000000, 0x00000007c0000000)
  eden space 44032K, 100% used [0x00000007bc400000,0x00000007bef00000,0x00000007bef00000)
  from space 8704K, 15% used [0x00000007bef00000,0x00000007bf04fe08,0x00000007bf780000)
  to   space 8704K, 0% used [0x00000007bf780000,0x00000007bf780000,0x00000007c0000000)
 ParOldGen       total 159744K, used 112932K [0x0000000700000000, 0x0000000709c00000, 0x00000007bc400000)
  object space 159744K, 70% used [0x0000000700000000,0x0000000706e49110,0x0000000709c00000)
 Metaspace       used 87699K, capacity 88639K, committed 89216K, reserved 1126400K
  class space    used 12444K, capacity 12627K, committed 12672K, reserved 1048576K
Event: 8547.930 GC heap after
Heap after GC invocations=500 (full 22):
 PSYoungGen      total 52736K, used 1298K [0x00000007bc400000, 0x00000007c0000000, 0x00000007c0000000)
  eden space 44032K, 0% used [0x00000007bc400000,0x00000007bc400000,0x00000007bef00000)
  from space 8704K, 14% used [0x00000007bf780000,0x00000007bf8c4870,0x00000007c0000000)
  to   space 8704K, 0% used [0x00000007bef00000,0x00000007bef00000,0x00000007bf780000)
 ParOldGen       total 159744K, used 113022K [0x0000000700000000, 0x0000000709c00000, 0x00000007bc400000)
  object space 159744K, 70% used [0x0000000700000000,0x0000000706e5fa30,0x0000000709c00000)
 Metaspace       used 87699K, capacity 88639K, committed 89216K, reserved 1126400K
  class space    used 12444K, capacity 12627K, committed 12672K, reserved 1048576K
}
Event: 8581.630 GC heap before
{Heap before GC invocations=501 (full 22):
 PSYoungGen      total 52736K, used 45330K [0x00000007bc400000, 0x00000007c0000000, 0x00000007c0000000)
  eden space 44032K, 100% used [0x00000007bc400000,0x00000007bef00000,0x00000007bef00000)
  from space 8704K, 14% used [0x00000007bf780000,0x00000007bf8c4870,0x00000007c0000000)
  to   space 8704K, 0% used [0x00000007bef00000,0x00000007bef00000,0x00000007bf780000)
 ParOldGen       total 159744K, used 113022K [0x0000000700000000, 0x0000000709c00000, 0x00000007bc400000)
  object space 159744K, 70% used [0x0000000700000000,0x0000000706e5fa30,0x0000000709c00000)
 Metaspace       used 87708K, capacity 88639K, committed 89216K, reserved 1126400K
  class space    used 12444K, capacity 12627K, committed 12672K, reserved 1048576K
Event: 8581.640 GC heap after
Heap after GC invocations=501 (full 22):
 PSYoungGen      total 52736K, used 1171K [0x00000007bc400000, 0x00000007c0000000, 0x00000007c0000000)
  eden space 44032K, 0% used [0x00000007bc400000,0x00000007bc400000,0x00000007bef00000)
  from space 8704K, 13% used [0x00000007bef00000,0x00000007bf024c70,0x00000007bf780000)
  to   space 8704K, 0% used [0x00000007bf780000,0x00000007bf780000,0x00000007c0000000)
 ParOldGen       total 159744K, used 113175K [0x0000000700000000, 0x0000000709c00000, 0x00000007bc400000)
  object space 159744K, 70% used [0x0000000700000000,0x0000000706e85c68,0x0000000709c00000)
 Metaspace       used 87708K, capacity 88639K, committed 89216K, reserved 1126400K
  class space    used 12444K, capacity 12627K, committed 12672K, reserved 1048576K
}
Event: 8607.875 GC heap before
{Heap before GC invocations=502 (full 22):
 PSYoungGen      total 52736K, used 45203K [0x00000007bc400000, 0x00000007c0000000, 0x00000007c0000000)
  eden space 44032K, 100% used [0x00000007bc400000,0x00000007bef00000,0x00000007bef00000)
  from space 8704K, 13% used [0x00000007bef00000,0x00000007bf024c70,0x00000007bf780000)
  to   space 8704K, 0% used [0x00000007bf780000,0x00000007bf780000,0x00000007c0000000)
 ParOldGen       total 159744K, used 113175K [0x0000000700000000, 0x0000000709c00000, 0x00000007bc400000)
  object space 159744K, 70% used [0x0000000700000000,0x0000000706e85c68,0x0000000709c00000)
 Metaspace       used 87710K, capacity 88639K, committed 89216K, reserved 1126400K
  class space    used 12444K, capacity 12627K, committed 12672K, reserved 1048576K
Event: 8607.885 GC heap after
Heap after GC invocations=502 (full 22):
 PSYoungGen      total 52736K, used 1081K [0x00000007bc400000, 0x00000007c0000000, 0x00000007c0000000)
  eden space 44032K, 0% used [0x00000007bc400000,0x00000007bc400000,0x00000007bef00000)
  from space 8704K, 12% used [0x00000007bf780000,0x00000007bf88e638,0x00000007c0000000)
  to   space 8704K, 0% used [0x00000007bef00000,0x00000007bef00000,0x00000007bf780000)
 ParOldGen       total 159744K, used 113311K [0x0000000700000000, 0x0000000709c00000, 0x00000007bc400000)
  object space 159744K, 70% used [0x0000000700000000,0x0000000706ea7c68,0x0000000709c00000)
 Metaspace       used 87710K, capacity 88639K, committed 89216K, reserved 1126400K
  class space    used 12444K, capacity 12627K, committed 12672K, reserved 1048576K
}
Event: 8632.599 GC heap before
{Heap before GC invocations=503 (full 22):
 PSYoungGen      total 52736K, used 45113K [0x00000007bc400000, 0x00000007c0000000, 0x00000007c0000000)
  eden space 44032K, 100% used [0x00000007bc400000,0x00000007bef00000,0x00000007bef00000)
  from space 8704K, 12% used [0x00000007bf780000,0x00000007bf88e638,0x00000007c0000000)
  to   space 8704K, 0% used [0x00000007bef00000,0x00000007bef00000,0x00000007bf780000)
 ParOldGen       total 159744K, used 113311K [0x0000000700000000, 0x0000000709c00000, 0x00000007bc400000)
  object space 159744K, 70% used [0x0000000700000000,0x0000000706ea7c68,0x0000000709c00000)
 Metaspace       used 87710K, capacity 88639K, committed 89216K, reserved 1126400K
  class space    used 12444K, capacity 12627K, committed 12672K, reserved 1048576K
Event: 8632.603 GC heap after
Heap after GC invocations=503 (full 22):
 PSYoungGen      total 52736K, used 1107K [0x00000007bc400000, 0x00000007c0000000, 0x00000007c0000000)
  eden space 44032K, 0% used [0x00000007bc400000,0x00000007bc400000,0x00000007bef00000)
  from space 8704K, 12% used [0x00000007bef00000,0x00000007bf014c70,0x00000007bf780000)
  to   space 8704K, 0% used [0x00000007bf780000,0x00000007bf780000,0x00000007c0000000)
 ParOldGen       total 159744K, used 113375K [0x0000000700000000, 0x0000000709c00000, 0x00000007bc400000)
  object space 159744K, 70% used [0x0000000700000000,0x0000000706eb7c68,0x0000000709c00000)
 Metaspace       used 87710K, capacity 88639K, committed 89216K, reserved 1126400K
  class space    used 12444K, capacity 12627K, committed 12672K, reserved 1048576K
}

